<?xml version="1.0" encoding="UTF-8"?>
<testsuite xmlns:xsi="http://www.w3.org/2001/XMLSchema-instance" xsi:noNamespaceSchemaLocation="https://maven.apache.org/surefire/maven-surefire-plugin/xsd/surefire-test-report.xsd" name="org.santi.jnuit5_app.ejemplos.models.CuentaTest" time="6.876" tests="33" errors="2" skipped="8" failures="3">
  <properties>
[...]
</properties>
  <testcase name="testDebitoCuentaCsvSource2{String, String}[1]" classname="org.santi.jnuit5_app.ejemplos.models.CuentaTest" time="0.086"/>
  <testcase name="testDebitoCuentaCsvSource2{String, String}[2]" classname="org.santi.jnuit5_app.ejemplos.models.CuentaTest" time="0.04">
    <error message="Dinero insuficiente" type="org.santi.jnuit5_app.ejemplos.exceptions.DineroInsuficienteException">org.santi.jnuit5_app.ejemplos.exceptions.DineroInsuficienteException: Dinero insuficiente
	at org.santi.jnuit5_app.ejemplos.models.CuentaTest.testDebitoCuentaCsvSource2(CuentaTest.java:261)
</error>
    <system-out><![CDATA[250->200
]]></system-out>
  </testcase>
  <testcase name="testDebitoCuentaCsvSource2{String, String}[3]" classname="org.santi.jnuit5_app.ejemplos.models.CuentaTest" time="0.003">
    <error message="Dinero insuficiente" type="org.santi.jnuit5_app.ejemplos.exceptions.DineroInsuficienteException">org.santi.jnuit5_app.ejemplos.exceptions.DineroInsuficienteException: Dinero insuficiente
	at org.santi.jnuit5_app.ejemplos.models.CuentaTest.testDebitoCuentaCsvSource2(CuentaTest.java:261)
</error>
    <system-out><![CDATA[300->300
]]></system-out>
  </testcase>
  <testcase name="testProcesadores" classname="org.santi.jnuit5_app.ejemplos.models.CuentaTest" time="0">
    <skipped message="Environment variable [Numbers of processors] does not exist"/>
  </testcase>
  <testcase name="testDebitoCuentaCsvSource{String, String}[1]" classname="org.santi.jnuit5_app.ejemplos.models.CuentaTest" time="0.002"/>
  <testcase name="testDebitoCuentaCsvSource{String, String}[2]" classname="org.santi.jnuit5_app.ejemplos.models.CuentaTest" time="0.001"/>
  <testcase name="testDebitoCuentaCsvSource{String, String}[3]" classname="org.santi.jnuit5_app.ejemplos.models.CuentaTest" time="0"/>
  <testcase name="testEnv" classname="org.santi.jnuit5_app.ejemplos.models.CuentaTest" time="0">
    <skipped message="Environment variable [Environment] does not exist"/>
  </testcase>
  <testcase name="testDebitoCuentaCsvFileSource{String}[1]" classname="org.santi.jnuit5_app.ejemplos.models.CuentaTest" time="0.001"/>
  <testcase name="testDebitoCuentaCsvFileSource{String}[2]" classname="org.santi.jnuit5_app.ejemplos.models.CuentaTest" time="0"/>
  <testcase name="testDebitoCuentaCsvFileSource{String}[3]" classname="org.santi.jnuit5_app.ejemplos.models.CuentaTest" time="0"/>
  <testcase name="testSaldoCuentaDev" classname="org.santi.jnuit5_app.ejemplos.models.CuentaTest" time="0">
    <skipped message="Assumption failed: assumption is not true" type="org.opentest4j.TestAbortedException">org.opentest4j.TestAbortedException: Assumption failed: assumption is not true
	at org.santi.jnuit5_app.ejemplos.models.CuentaTest.testSaldoCuentaDev(CuentaTest.java:205)
</skipped>
  </testcase>
  <testcase name="testDebitoCuenta{String}[1]" classname="org.santi.jnuit5_app.ejemplos.models.CuentaTest" time="0.002"/>
  <testcase name="testDebitoCuenta{String}[2]" classname="org.santi.jnuit5_app.ejemplos.models.CuentaTest" time="0.004">
    <failure message="expected: &lt;900&gt; but was: &lt;800&gt;" type="org.opentest4j.AssertionFailedError"><![CDATA[org.opentest4j.AssertionFailedError: expected: <900> but was: <800>
	at org.santi.jnuit5_app.ejemplos.models.CuentaTest.testDebitoCuenta(CuentaTest.java:76)
]]></failure>
  </testcase>
  <testcase name="testDebitoCuenta{String}[3]" classname="org.santi.jnuit5_app.ejemplos.models.CuentaTest" time="0.001">
    <failure message="expected: &lt;900&gt; but was: &lt;700&gt;" type="org.opentest4j.AssertionFailedError"><![CDATA[org.opentest4j.AssertionFailedError: expected: <900> but was: <700>
	at org.santi.jnuit5_app.ejemplos.models.CuentaTest.testDebitoCuenta(CuentaTest.java:76)
]]></failure>
  </testcase>
  <testcase name="testTransferirDineroCuentas" classname="org.santi.jnuit5_app.ejemplos.models.CuentaTest" time="0">
    <skipped message="void org.santi.jnuit5_app.ejemplos.models.CuentaTest.testTransferirDineroCuentas() is @Disabled"/>
  </testcase>
  <testcase name="testSaldoCuenta" classname="org.santi.jnuit5_app.ejemplos.models.CuentaTest" time="0.001"/>
  <testcase name="testJavaHome" classname="org.santi.jnuit5_app.ejemplos.models.CuentaTest" time="0">
    <skipped message="Environment variable [JAVA_HOME] does not exist"/>
  </testcase>
  <testcase name="testDineroInsuficiente" classname="org.santi.jnuit5_app.ejemplos.models.CuentaTest" time="0.001"/>
  <testcase name="testRelacionBancoCuentas" classname="org.santi.jnuit5_app.ejemplos.models.CuentaTest" time="0">
    <skipped message="void org.santi.jnuit5_app.ejemplos.models.CuentaTest.testRelacionBancoCuentas() is @Disabled"/>
  </testcase>
  <testcase name="testReferenciaCuenta" classname="org.santi.jnuit5_app.ejemplos.models.CuentaTest" time="0"/>
  <testcase name="testDebitoCuentaMethodSource{String}[1]" classname="org.santi.jnuit5_app.ejemplos.models.CuentaTest" time="0.001"/>
  <testcase name="testDebitoCuentaMethodSource{String}[2]" classname="org.santi.jnuit5_app.ejemplos.models.CuentaTest" time="0.001"/>
  <testcase name="pruebaTimeOut" classname="org.santi.jnuit5_app.ejemplos.models.CuentaTest" time="0.91"/>
  <testcase name="testTimeOutAssertions" classname="org.santi.jnuit5_app.ejemplos.models.CuentaTest" time="5.521">
    <failure message="execution exceeded timeout of 5000 ms by 505 ms" type="org.opentest4j.AssertionFailedError">org.opentest4j.AssertionFailedError: execution exceeded timeout of 5000 ms by 505 ms
	at org.santi.jnuit5_app.ejemplos.models.CuentaTest.testTimeOutAssertions(CuentaTest.java:277)
</failure>
  </testcase>
  <testcase name="testCredtitoCuenta" classname="org.santi.jnuit5_app.ejemplos.models.CuentaTest" time="0.001"/>
  <testcase name="imprimirVariablesAmbiente" classname="org.santi.jnuit5_app.ejemplos.models.CuentaTest" time="0.004"/>
  <testcase name="testNombreCuenta{TestInfo, TestReporter}" classname="org.santi.jnuit5_app.ejemplos.models.CuentaTest" time="0.002"/>
  <testcase name="testSoloLinuxMac" classname="org.santi.jnuit5_app.ejemplos.models.CuentaTest$SistemaOperativoTest" time="0.005"/>
  <testcase name="testSoloWindows" classname="org.santi.jnuit5_app.ejemplos.models.CuentaTest$SistemaOperativoTest" time="0">
    <skipped message="Disabled on operating system: Mac OS X"/>
  </testcase>
  <testcase name="noMac" classname="org.santi.jnuit5_app.ejemplos.models.CuentaTest$SistemaOperativoTest" time="0">
    <skipped message="Disabled on operating system: Mac OS X"/>
  </testcase>
  <testcase name="testNombreCuenta{RepetitionInfo}[1]" classname="org.santi.jnuit5_app.ejemplos.models.CuentaTest$SistemaOperativoTest" time="0.001"/>
  <testcase name="testNombreCuenta{RepetitionInfo}[2]" classname="org.santi.jnuit5_app.ejemplos.models.CuentaTest$SistemaOperativoTest" time="0.002"/>
</testsuite>